2025-04-09 12:16:59,875 [INFO] Activator:176 - 


2025-04-09 12:16:59,878 [INFO] Activator:177 - !SESSION log4j initialized
2025-04-09 12:17:01,483 [ERROR] LogOutputStream:75 - [STDERR_REDIRECT] 
2025-04-09 12:17:03,051 [INFO] LogOutputStream:77 - [STDOUT_REDIRECT] 
2025-04-09 12:17:11,139 [INFO] ApplicationProperties:184 - Using Application install path: /Applications/STM32CubeIDE.app/Contents/Eclipse/plugins/com.st.stm32cube.common.mx_6.14.0.202502271554
2025-04-09 12:17:11,158 [INFO] DbMcusXml:78 - Set database path to: /Applications/STM32CubeIDE.app/Contents/Eclipse/plugins/com.st.stm32cube.common.mx_6.14.0.202502271554//db//mcu/
2025-04-09 12:17:11,158 [INFO] ApiDb:274 - Set plugin database path to: /Applications/STM32CubeIDE.app/Contents/Eclipse/plugins/com.st.stm32cube.common.mx_6.14.0.202502271554//db//plugins/boardmanager/
2025-04-09 12:17:11,159 [WARN] ApiDb:259 - Overriding images path with different value:  => /Applications/STM32CubeIDE.app/Contents/Eclipse/plugins/com.st.stm32cube.common.mx_6.14.0.202502271554//db//plugins/mcufinder/images/
2025-04-09 12:17:11,168 [INFO] ApiDb:250 - Set database path to: /Users/lynyx/.stmcufinder/plugins/mcufinder//mcu/
2025-04-09 12:17:11,169 [INFO] DbMcusAds:125 - Set database path to: /Users/lynyx/.stmcufinder/plugins/mcufinder//mcu/
2025-04-09 12:17:11,171 [INFO] CrossReferenceDbSqlite:203 - Set database path to: /Users/lynyx/.stmcufinder/plugins/mcufinder//mcu/cs/
2025-04-09 12:17:11,410 [INFO] RulesReader:64 - Compatibility file has been processed (301 Rules)
2025-04-09 12:17:11,521 [INFO] DbMcusXml:78 - Set database path to: /Applications/STM32CubeIDE.app/Contents/Eclipse/plugins/com.st.stm32cube.common.mx_6.14.0.202502271554//db//mcu/
2025-04-09 12:17:11,521 [INFO] ApiDb:274 - Set plugin database path to: /Applications/STM32CubeIDE.app/Contents/Eclipse/plugins/com.st.stm32cube.common.mx_6.14.0.202502271554//db//plugins/boardmanager/
2025-04-09 12:17:11,522 [INFO] ApiDb:261 - Set plugin images path to: /Applications/STM32CubeIDE.app/Contents/Eclipse/plugins/com.st.stm32cube.common.mx_6.14.0.202502271554//db//plugins/mcufinder/images/
2025-04-09 12:17:11,523 [WARN] DbFile:41 - Overriding database path with different value: /Users/lynyx/.stmcufinder/plugins/mcufinder/ => /Users/lynyx/.stmcufinder/plugins/mcufinder
2025-04-09 12:17:11,523 [INFO] ApiDb:250 - Set database path to: /Users/lynyx/.stmcufinder/plugins/mcufinder//mcu/
2025-04-09 12:17:11,523 [WARN] DbFile:41 - Overriding database path with different value: /Users/lynyx/.stmcufinder/plugins/mcufinder/ => /Users/lynyx/.stmcufinder/plugins/mcufinder
2025-04-09 12:17:11,523 [INFO] DbMcusAds:125 - Set database path to: /Users/lynyx/.stmcufinder/plugins/mcufinder//mcu/
2025-04-09 12:17:11,523 [WARN] DbFile:41 - Overriding database path with different value: /Users/lynyx/.stmcufinder/plugins/mcufinder/ => /Users/lynyx/.stmcufinder/plugins/mcufinder
2025-04-09 12:17:11,524 [WARN] DbFile:41 - Overriding database path with different value: /Users/lynyx/.stmcufinder/plugins/mcufinder/ => /Users/lynyx/.stmcufinder/plugins/mcufinder
2025-04-09 12:17:11,524 [INFO] CrossReferenceDbSqlite:203 - Set database path to: /Users/lynyx/.stmcufinder/plugins/mcufinder//mcu/cs/
2025-04-09 12:17:11,621 [INFO] MainPanel:272 - HeapMemory: 306184192
2025-04-09 12:17:11,940 [INFO] DbMcusXml:78 - Set database path to: /Applications/STM32CubeIDE.app/Contents/Eclipse/plugins/com.st.stm32cube.common.mx_6.14.0.202502271554//db//mcu/
2025-04-09 12:17:11,940 [INFO] ApiDb:274 - Set plugin database path to: /Applications/STM32CubeIDE.app/Contents/Eclipse/plugins/com.st.stm32cube.common.mx_6.14.0.202502271554//db//plugins/boardmanager/
2025-04-09 12:17:11,940 [INFO] ApiDb:261 - Set plugin images path to: /Applications/STM32CubeIDE.app/Contents/Eclipse/plugins/com.st.stm32cube.common.mx_6.14.0.202502271554//db//plugins/mcufinder/images/
2025-04-09 12:17:11,941 [WARN] DbFile:41 - Overriding database path with different value: /Users/lynyx/.stmcufinder/plugins/mcufinder/ => /Users/lynyx/.stmcufinder/plugins/mcufinder
2025-04-09 12:17:11,941 [INFO] ApiDb:250 - Set database path to: /Users/lynyx/.stmcufinder/plugins/mcufinder//mcu/
2025-04-09 12:17:11,941 [WARN] DbFile:41 - Overriding database path with different value: /Users/lynyx/.stmcufinder/plugins/mcufinder/ => /Users/lynyx/.stmcufinder/plugins/mcufinder
2025-04-09 12:17:11,941 [INFO] DbMcusAds:125 - Set database path to: /Users/lynyx/.stmcufinder/plugins/mcufinder//mcu/
2025-04-09 12:17:11,941 [WARN] DbFile:41 - Overriding database path with different value: /Users/lynyx/.stmcufinder/plugins/mcufinder/ => /Users/lynyx/.stmcufinder/plugins/mcufinder
2025-04-09 12:17:11,941 [WARN] DbFile:41 - Overriding database path with different value: /Users/lynyx/.stmcufinder/plugins/mcufinder/ => /Users/lynyx/.stmcufinder/plugins/mcufinder
2025-04-09 12:17:11,942 [INFO] CrossReferenceDbSqlite:203 - Set database path to: /Users/lynyx/.stmcufinder/plugins/mcufinder//mcu/cs/
2025-04-09 12:17:11,973 [INFO] ApplicationProperties:184 - Using Application install path: /Applications/STM32CubeIDE.app/Contents/Eclipse/plugins/com.st.stm32cube.common.mx_6.14.0.202502271554
2025-04-09 12:17:11,975 [INFO] PluginManage:196 - Search for loadable plugins [exclusion list=, ]
2025-04-09 12:17:11,978 [INFO] PluginManage:310 - Check plugin analytics
2025-04-09 12:17:12,339 [INFO] AnalyticsPlugin:253 - Accepted Software Licenses: 
2025-04-09 12:17:12,340 [INFO] AnalyticsPlugin:255 - Accepted CMSIS Pack Licenses: 
2025-04-09 12:17:12,340 [INFO] AnalyticsPlugin:257 - Accepted Firmware Licenses: 
2025-04-09 12:17:12,348 [INFO] PluginManage:359 - Loaded plugin analytics (category:tool,tabindex:-1)
2025-04-09 12:17:12,352 [INFO] PluginManage:310 - Check plugin cadmodel
2025-04-09 12:17:12,367 [INFO] CADModel:105 - Init CAD model plugin
2025-04-09 12:17:12,368 [INFO] PluginManage:359 - Loaded plugin cadmodel (category:power,tabindex:5)
2025-04-09 12:17:12,369 [INFO] PluginManage:310 - Check plugin clock
2025-04-09 12:17:12,382 [INFO] PluginManage:359 - Loaded plugin clock (category:base,tabindex:2)
2025-04-09 12:17:12,382 [INFO] PluginManage:310 - Check plugin ddr
2025-04-09 12:17:12,385 [INFO] PluginManage:359 - Loaded plugin ddr (category:tool,tabindex:6)
2025-04-09 12:17:12,385 [INFO] PluginManage:310 - Check plugin filemanager
2025-04-09 12:17:12,980 [INFO] PluginManage:359 - Loaded plugin filemanager (category:base,tabindex:10)
2025-04-09 12:17:12,990 [INFO] PluginManage:310 - Check plugin ipmanager
2025-04-09 12:17:13,073 [INFO] PluginManage:359 - Loaded plugin ipmanager (category:base,tabindex:5)
2025-04-09 12:17:13,076 [INFO] PluginManage:310 - Check plugin lpbam
2025-04-09 12:17:13,112 [INFO] PluginManage:359 - Loaded plugin lpbam (category:base,tabindex:0)
2025-04-09 12:17:13,113 [INFO] PluginManage:310 - Check plugin memorymap
2025-04-09 12:17:13,136 [INFO] PluginManage:359 - Loaded plugin memorymap (category:base,tabindex:4)
2025-04-09 12:17:13,137 [INFO] PluginManage:310 - Check plugin pinoutandconfiguration
2025-04-09 12:17:13,147 [INFO] PluginManage:359 - Loaded plugin pinoutandconfiguration (category:base,tabindex:1)
2025-04-09 12:17:13,147 [INFO] PluginManage:310 - Check plugin pinoutconfig
2025-04-09 12:17:13,326 [WARN] SupportedApi:132 - Cannot load RTOS API schema: s4s-elt-must-match.1: The content of 'definitions' must match (annotation?, (simpleType | complexType)?, (unique | key | keyref)*)). A problem was found starting at: attribute.
2025-04-09 12:17:13,666 [INFO] PluginManage:359 - Loaded plugin pinoutconfig (category:base,tabindex:0)
2025-04-09 12:17:13,666 [INFO] PluginManage:310 - Check plugin power
2025-04-09 12:17:13,688 [INFO] PluginManage:359 - Loaded plugin power (category:power,tabindex:4)
2025-04-09 12:17:13,688 [INFO] PluginManage:310 - Check plugin projectmanager
2025-04-09 12:17:13,736 [INFO] PluginManage:359 - Loaded plugin projectmanager (category:projectmanager,tabindex:4)
2025-04-09 12:17:13,736 [INFO] PluginManage:310 - Check plugin rif
2025-04-09 12:17:13,744 [INFO] PluginManage:359 - Loaded plugin rif (category:base,tabindex:3)
2025-04-09 12:17:13,745 [INFO] PluginManage:310 - Check plugin thirdparty
2025-04-09 12:17:13,941 [INFO] PluginManage:359 - Loaded plugin thirdparty (category:base,tabindex:-1)
2025-04-09 12:17:13,942 [INFO] PluginManage:310 - Check plugin tools
2025-04-09 12:17:13,946 [INFO] PluginManage:359 - Loaded plugin tools (category:base,tabindex:7)
2025-04-09 12:17:13,946 [INFO] PluginManage:310 - Check plugin tutovideos
2025-04-09 12:17:13,941 [WARN] IntegrityCheckThread:84 - waiting for thirdparty lock release [integrity check]
2025-04-09 12:17:13,947 [INFO] IntegrityCheckThread:86 - entering critical section [integrity check]
2025-04-09 12:17:13,950 [INFO] ThirdPartyUpdaterWithRetryManager:70 - Updater plugin not ready yet. [1/15]
2025-04-09 12:17:14,226 [INFO] PluginManage:359 - Loaded plugin tutovideos (category:base,tabindex:-1)
2025-04-09 12:17:14,227 [INFO] PluginManage:310 - Check plugin updater
2025-04-09 12:17:14,269 [INFO] PluginManage:359 - Loaded plugin updater (category:base,tabindex:12)
2025-04-09 12:17:14,269 [INFO] PluginManage:310 - Check plugin userauth
2025-04-09 12:17:14,277 [INFO] UserAuth:118 - Init User Auth plugin
2025-04-09 12:17:14,278 [INFO] PluginManage:359 - Loaded plugin userauth (category:base,tabindex:14)
2025-04-09 12:17:14,280 [INFO] PluginManage:283 - PluginManage : Loaded plugins [18]
2025-04-09 12:17:14,639 [INFO] PinOutPanel:1589 - setPackage(No Configuration,No Configuration)
2025-04-09 12:17:14,749 [INFO] CADModel:165 - CPN selected for project level
2025-04-09 12:17:14,750 [INFO] CADModel:114 - Register for checkConnection events
2025-04-09 12:17:14,766 [INFO] IPUIPlugin:80 - create IPUIPlugin
2025-04-09 12:17:14,767 [INFO] PluginManager:220 - loadIPPluginJar : add mdma
2025-04-09 12:17:14,775 [INFO] IPUIPlugin:80 - create IPUIPlugin
2025-04-09 12:17:14,775 [INFO] PluginManager:220 - loadIPPluginJar : add freertos
2025-04-09 12:17:14,781 [INFO] IPUIPlugin:80 - create IPUIPlugin
2025-04-09 12:17:14,782 [INFO] PluginManager:220 - loadIPPluginJar : add gic
2025-04-09 12:17:14,792 [INFO] IPUIPlugin:80 - create IPUIPlugin
2025-04-09 12:17:14,792 [INFO] PluginManager:220 - loadIPPluginJar : add adc
2025-04-09 12:17:14,794 [INFO] IPUIPlugin:80 - create IPUIPlugin
2025-04-09 12:17:14,795 [INFO] PluginManager:220 - loadIPPluginJar : add gtzc
2025-04-09 12:17:14,796 [INFO] IPUIPlugin:80 - create IPUIPlugin
2025-04-09 12:17:14,796 [INFO] PluginManager:220 - loadIPPluginJar : add quadspi
2025-04-09 12:17:14,798 [INFO] IPUIPlugin:80 - create IPUIPlugin
2025-04-09 12:17:14,798 [INFO] PluginManager:220 - loadIPPluginJar : add aes
2025-04-09 12:17:14,800 [INFO] IPUIPlugin:80 - create IPUIPlugin
2025-04-09 12:17:14,800 [INFO] PluginManager:220 - loadIPPluginJar : add pdm2pcm
2025-04-09 12:17:14,802 [INFO] IPUIPlugin:80 - create IPUIPlugin
2025-04-09 12:17:14,802 [INFO] PluginManager:220 - loadIPPluginJar : add hash
2025-04-09 12:17:14,803 [INFO] IPUIPlugin:80 - create IPUIPlugin
2025-04-09 12:17:14,803 [INFO] PluginManager:220 - loadIPPluginJar : add tim
2025-04-09 12:17:14,804 [INFO] IPUIPlugin:80 - create IPUIPlugin
2025-04-09 12:17:14,804 [INFO] PluginManager:220 - loadIPPluginJar : add tsc
2025-04-09 12:17:14,807 [INFO] IPUIPlugin:80 - create IPUIPlugin
2025-04-09 12:17:14,807 [INFO] PluginManager:220 - loadIPPluginJar : add extmemmanager
2025-04-09 12:17:14,809 [INFO] IPUIPlugin:80 - create IPUIPlugin
2025-04-09 12:17:14,809 [INFO] PluginManager:220 - loadIPPluginJar : add ts
2025-04-09 12:17:14,811 [INFO] IPUIPlugin:80 - create IPUIPlugin
2025-04-09 12:17:14,811 [INFO] PluginManager:220 - loadIPPluginJar : add radio
2025-04-09 12:17:14,813 [INFO] IPUIPlugin:80 - create IPUIPlugin
2025-04-09 12:17:14,813 [INFO] PluginManager:220 - loadIPPluginJar : add can
2025-04-09 12:17:14,815 [INFO] IPUIPlugin:80 - create IPUIPlugin
2025-04-09 12:17:14,816 [INFO] PluginManager:220 - loadIPPluginJar : add dma3
2025-04-09 12:17:14,818 [INFO] IPUIPlugin:80 - create IPUIPlugin
2025-04-09 12:17:14,818 [INFO] PluginManager:220 - loadIPPluginJar : add dfsdm
2025-04-09 12:17:14,820 [INFO] IPUIPlugin:80 - create IPUIPlugin
2025-04-09 12:17:14,820 [INFO] PluginManager:220 - loadIPPluginJar : add spi
2025-04-09 12:17:14,823 [INFO] IPUIPlugin:80 - create IPUIPlugin
2025-04-09 12:17:14,824 [INFO] PluginManager:220 - loadIPPluginJar : add gfxmmu
2025-04-09 12:17:14,827 [INFO] IPUIPlugin:80 - create IPUIPlugin
2025-04-09 12:17:14,827 [INFO] PluginManager:220 - loadIPPluginJar : add genericplugin
2025-04-09 12:17:14,829 [INFO] IPUIPlugin:80 - create IPUIPlugin
2025-04-09 12:17:14,830 [INFO] PluginManager:220 - loadIPPluginJar : add cryp
2025-04-09 12:17:14,834 [INFO] IPUIPlugin:80 - create IPUIPlugin
2025-04-09 12:17:14,835 [INFO] PluginManager:220 - loadIPPluginJar : add gpio
2025-04-09 12:17:14,838 [INFO] IPUIPlugin:80 - create IPUIPlugin
2025-04-09 12:17:14,838 [INFO] PluginManager:220 - loadIPPluginJar : add ddr_ctrl_phy
2025-04-09 12:17:14,840 [INFO] IPUIPlugin:80 - create IPUIPlugin
2025-04-09 12:17:14,840 [INFO] PluginManager:220 - loadIPPluginJar : add comp
2025-04-09 12:17:14,842 [INFO] IPUIPlugin:80 - create IPUIPlugin
2025-04-09 12:17:14,843 [INFO] PluginManager:220 - loadIPPluginJar : add tracer_emb
2025-04-09 12:17:14,845 [INFO] IPUIPlugin:80 - create IPUIPlugin
2025-04-09 12:17:14,845 [INFO] PluginManager:220 - loadIPPluginJar : add openamp
2025-04-09 12:17:14,851 [INFO] IPUIPlugin:80 - create IPUIPlugin
2025-04-09 12:17:14,851 [INFO] PluginManager:220 - loadIPPluginJar : add stm32_wpan
2025-04-09 12:17:14,857 [INFO] IPUIPlugin:80 - create IPUIPlugin
2025-04-09 12:17:14,864 [INFO] PluginManager:220 - loadIPPluginJar : add plateformsettings
2025-04-09 12:17:14,867 [INFO] IPUIPlugin:80 - create IPUIPlugin
2025-04-09 12:17:14,868 [INFO] PluginManager:220 - loadIPPluginJar : add ipddr
2025-04-09 12:17:14,872 [INFO] IPUIPlugin:80 - create IPUIPlugin
2025-04-09 12:17:14,872 [INFO] PluginManager:220 - loadIPPluginJar : add usart
2025-04-09 12:17:14,873 [INFO] IPUIPlugin:80 - create IPUIPlugin
2025-04-09 12:17:14,873 [INFO] PluginManager:220 - loadIPPluginJar : add ltdc
2025-04-09 12:17:14,876 [INFO] IPUIPlugin:80 - create IPUIPlugin
2025-04-09 12:17:14,876 [INFO] PluginManager:220 - loadIPPluginJar : add nvic
2025-04-09 12:17:14,877 [INFO] IPUIPlugin:80 - create IPUIPlugin
2025-04-09 12:17:14,877 [INFO] PluginManager:220 - loadIPPluginJar : add fatfs
2025-04-09 12:17:14,884 [INFO] IPUIPlugin:80 - create IPUIPlugin
2025-04-09 12:17:14,884 [INFO] PluginManager:220 - loadIPPluginJar : add linkedlist
2025-04-09 12:17:14,890 [INFO] IPUIPlugin:80 - create IPUIPlugin
2025-04-09 12:17:14,890 [INFO] PluginManager:220 - loadIPPluginJar : add dma
2025-04-09 12:17:14,893 [INFO] IPUIPlugin:80 - create IPUIPlugin
2025-04-09 12:17:14,894 [INFO] PluginManager:220 - loadIPPluginJar : add fmc
2025-04-09 12:17:14,897 [INFO] IPUIPlugin:80 - create IPUIPlugin
2025-04-09 12:17:14,897 [INFO] PluginManager:220 - loadIPPluginJar : add i2s
2025-04-09 12:17:14,899 [INFO] IPUIPlugin:80 - create IPUIPlugin
2025-04-09 12:17:14,899 [INFO] PluginManager:220 - loadIPPluginJar : add ucpd
2025-04-09 12:17:14,902 [INFO] IPUIPlugin:80 - create IPUIPlugin
2025-04-09 12:17:14,902 [INFO] PluginManager:220 - loadIPPluginJar : add lorawan
2025-04-09 12:17:14,905 [INFO] IPUIPlugin:80 - create IPUIPlugin
2025-04-09 12:17:14,905 [INFO] PluginManager:220 - loadIPPluginJar : add opamp
2025-04-09 12:17:14,907 [INFO] IPUIPlugin:80 - create IPUIPlugin
2025-04-09 12:17:14,907 [INFO] PluginManager:220 - loadIPPluginJar : add i3c
2025-04-09 12:17:14,910 [INFO] IPUIPlugin:80 - create IPUIPlugin
2025-04-09 12:17:14,911 [INFO] PluginManager:220 - loadIPPluginJar : add touchsensing
2025-04-09 12:17:14,915 [INFO] IPUIPlugin:80 - create IPUIPlugin
2025-04-09 12:17:14,915 [INFO] PluginManager:220 - loadIPPluginJar : add i2c
2025-04-09 12:17:14,919 [INFO] IPUIPlugin:80 - create IPUIPlugin
2025-04-09 12:17:14,919 [INFO] PluginManager:220 - loadIPPluginJar : add resmgrutility
2025-04-09 12:17:14,923 [INFO] IPUIPlugin:80 - create IPUIPlugin
2025-04-09 12:17:14,923 [INFO] PluginManager:220 - loadIPPluginJar : add sai
2025-04-09 12:17:14,925 [INFO] IPUIPlugin:80 - create IPUIPlugin
2025-04-09 12:17:14,925 [INFO] PluginManager:220 - loadIPPluginJar : add usbx
2025-04-09 12:17:15,053 [FATAL] Updater:351 - Updater called before beeing initialized
2025-04-09 12:17:15,126 [INFO] RulesReader:64 - Compatibility file has been processed (301 Rules)
2025-04-09 12:17:15,144 [INFO] RulesReader:64 - Compatibility file has been processed (301 Rules)
2025-04-09 12:17:15,165 [INFO] CADModel:165 - CPN selected for project level
2025-04-09 12:17:15,165 [INFO] CADModel:114 - Register for checkConnection events
2025-04-09 12:17:15,165 [FATAL] Updater:351 - Updater called before beeing initialized
2025-04-09 12:17:15,165 [ERROR] CADModel:125 - Updater not yet initialized, retry later 
2025-04-09 12:17:15,488 [FATAL] Updater:351 - Updater called before beeing initialized
2025-04-09 12:17:15,491 [INFO] CADModel:165 - CPN selected for project level
2025-04-09 12:17:15,491 [INFO] CADModel:114 - Register for checkConnection events
2025-04-09 12:17:15,491 [FATAL] Updater:351 - Updater called before beeing initialized
2025-04-09 12:17:15,491 [ERROR] CADModel:125 - Updater not yet initialized, retry later 
2025-04-09 12:17:15,495 [FATAL] Updater:351 - Updater called before beeing initialized
2025-04-09 12:17:15,727 [FATAL] Updater:351 - Updater called before beeing initialized
2025-04-09 12:17:15,735 [INFO] DbMcusAds:53 - JSON generation date=Fri Mar 07 01:54:22 AEDT 2025 (1741272862297)
2025-04-09 12:17:15,735 [FATAL] Updater:351 - Updater called before beeing initialized
2025-04-09 12:17:15,805 [WARN] DetailPanel:346 - Failed to get advertising image, set to default
2025-04-09 12:17:16,151 [FATAL] Updater:351 - Updater called before beeing initialized
2025-04-09 12:17:16,155 [FATAL] Updater:351 - Updater called before beeing initialized
2025-04-09 12:17:16,156 [FATAL] Updater:351 - Updater called before beeing initialized
2025-04-09 12:17:16,157 [WARN] DetailPanel:346 - Failed to get advertising image, set to default
2025-04-09 12:17:16,163 [FATAL] Updater:351 - Updater called before beeing initialized
2025-04-09 12:17:16,254 [ERROR] Updater:1198 - MainUpdater not yet initialized. External WinMGr cannot be set.
2025-04-09 12:17:16,271 [INFO] Updater:1134 - Updater Version found : 6.14.0
2025-04-09 12:17:16,292 [INFO] ApplicationProperties:184 - Using Application install path: /Applications/STM32CubeIDE.app/Contents/Eclipse/plugins/com.st.stm32cube.common.mx_6.14.0.202502271554
2025-04-09 12:17:16,927 [INFO] MainUpdater:2872 - connection check result : 10
2025-04-09 12:17:16,928 [INFO] MainUpdater:289 - Updater Check For Update Now.
2025-04-09 12:17:16,929 [INFO] MicroXplorer:498 - Change Database Version : DB.6.0.140
2025-04-09 12:17:16,938 [INFO] McuFinderGlobals:63 - Set McuFinder mode to 2 (CubeIDE integrated)
2025-04-09 12:17:16,938 [INFO] UserAuth:171 - activating auth plugin
2025-04-09 12:17:16,961 [WARN] MainUpdater:1193 - Updater busy. Cannot search thirdparties
2025-04-09 12:17:16,962 [INFO] ThirdPartyUpdaterWithRetryManager:96 - Updater plugin is busy. [1/15]
2025-04-09 12:17:16,962 [INFO] UserAuth:486 - Internet connection configuration mode: 1
2025-04-09 12:17:16,986 [INFO] JxBrowserEngine:152 - Initiate JxBrowser Engine with user profile folder
2025-04-09 12:17:17,285 [INFO] CheckServerUpdateThread:120 - End of CheckServer Thread
2025-04-09 12:17:20,218 [WARN] PackLoader:240 - Cannot read IP mode file for STMicroelectronics.FP-SNS-MOTENVWB1.1.4.0
2025-04-09 12:17:20,255 [WARN] PackLoader:240 - Cannot read IP mode file for STMicroelectronics.FP-ATR-ASTRA1.2.0.2
2025-04-09 12:17:20,274 [WARN] PackLoader:240 - Cannot read IP mode file for STMicroelectronics.X-CUBE-SMBUS.2.1.0
2025-04-09 12:17:20,289 [WARN] PackLoader:240 - Cannot read IP mode file for STMicroelectronics.X-CUBE-WB05N.1.1.0
2025-04-09 12:17:20,351 [WARN] PackLoader:240 - Cannot read IP mode file for STMicroelectronics.X-CUBE-AZRTOS-F7.1.1.0
2025-04-09 12:17:20,381 [WARN] PackLoader:240 - Cannot read IP mode file for STMicroelectronics.FP-SNS-FLIGHT1.5.0.2
2025-04-09 12:17:20,444 [WARN] PackLoader:240 - Cannot read IP mode file for Infineon.AIROC-Wi-Fi-Bluetooth-STM32.1.7.0
2025-04-09 12:17:20,489 [WARN] PackLoader:240 - Cannot read IP mode file for STMicroelectronics.X-CUBE-DISPLAY.3.0.0
2025-04-09 12:17:20,526 [WARN] PackLoader:240 - Cannot read IP mode file for STMicroelectronics.X-CUBE-BLE1.7.0.0
2025-04-09 12:17:20,543 [WARN] PackLoader:240 - Cannot read IP mode file for STMicroelectronics.X-CUBE-NFC10.1.0.0
2025-04-09 12:17:20,560 [WARN] PackLoader:240 - Cannot read IP mode file for STMicroelectronics.X-CUBE-BLEMGR.4.0.0
2025-04-09 12:17:20,585 [WARN] PackLoader:240 - Cannot read IP mode file for emotas.I-CUBE-CANOPEN.1.3.0
2025-04-09 12:17:20,613 [WARN] PackLoader:240 - Cannot read IP mode file for STMicroelectronics.X-CUBE-AI.10.0.0
2025-04-09 12:17:20,645 [WARN] PackLoader:240 - Cannot read IP mode file for STMicroelectronics.FP-SNS-SMARTAG2.1.2.0
2025-04-09 12:17:20,683 [WARN] PackLoader:240 - Cannot read IP mode file for STMicroelectronics.FP-SNS-FLIGHT1.5.1.0
2025-04-09 12:17:21,057 [WARN] PackLoader:240 - Cannot read IP mode file for STMicroelectronics.X-CUBE-MEMS1.11.1.0
2025-04-09 12:17:21,243 [INFO] WebApp:169 - Instantiating new browser for Auth
2025-04-09 12:17:21,530 [INFO] LogOutputStream:77 - [STDOUT_REDIRECT] 1 : Invalid condition id : UX_CORESTACK_Condition cause : null
2025-04-09 12:17:21,543 [INFO] LogOutputStream:77 - [STDOUT_REDIRECT] 1 : Invalid condition id : UX_CORESTACK_Condition cause : null
2025-04-09 12:17:21,560 [INFO] LogOutputStream:77 - [STDOUT_REDIRECT] 1 : Invalid condition id : UX_CORESTACK_Condition cause : null
2025-04-09 12:17:21,610 [INFO] LogOutputStream:77 - [STDOUT_REDIRECT] 1 : Invalid condition id : UX_CORESTACK_Condition cause : null
2025-04-09 12:17:21,651 [INFO] LogOutputStream:77 - [STDOUT_REDIRECT] 1 : Invalid condition id : UX_CORESTACK_Condition cause : null
2025-04-09 12:17:21,677 [WARN] PackLoader:240 - Cannot read IP mode file for STMicroelectronics.X-CUBE-AZRTOS-WL.2.0.0
2025-04-09 12:17:21,764 [WARN] PackLoader:240 - Cannot read IP mode file for STMicroelectronics.FP-SNS-MOTENV1.5.0.0
2025-04-09 12:17:21,847 [WARN] PackLoader:240 - Cannot read IP mode file for WES.I-CUBE-Cesium.1.3.0
2025-04-09 12:17:21,910 [WARN] PackLoader:240 - Cannot read IP mode file for STMicroelectronics.X-CUBE-BLE2.3.3.0
2025-04-09 12:17:21,981 [WARN] PackLoader:240 - Cannot read IP mode file for STMicroelectronics.X-CUBE-NFC9.1.0.0
2025-04-09 12:17:22,046 [WARN] PackLoader:240 - Cannot read IP mode file for STMicroelectronics.X-CUBE-BLE1.7.1.0
2025-04-09 12:17:22,174 [WARN] PackLoader:240 - Cannot read IP mode file for wolfSSL.I-CUBE-wolfMQTT.1.19.2
2025-04-09 12:17:22,279 [WARN] PackLoader:240 - Cannot read IP mode file for STMicroelectronics.X-CUBE-AZRTOS-G0.1.1.0
2025-04-09 12:17:22,364 [WARN] PackLoader:240 - Cannot read IP mode file for STMicroelectronics.X-CUBE-SAFEA1.1.2.2
2025-04-09 12:17:22,417 [WARN] PackLoader:240 - Cannot read IP mode file for STMicroelectronics.X-CUBE-NFC4.3.0.0
2025-04-09 12:17:22,507 [WARN] PackLoader:240 - Cannot read IP mode file for EmbeddedOffice.I-CUBE-FS-RTOS.1.0.1
2025-04-09 12:17:22,577 [WARN] PackLoader:240 - Cannot read IP mode file for wolfSSL.I-CUBE-wolfTPM.3.8.0
2025-04-09 12:17:22,630 [WARN] PackLoader:240 - Cannot read IP mode file for STMicroelectronics.X-CUBE-TCPP.4.2.0
2025-04-09 12:17:22,701 [WARN] PackLoader:240 - Cannot read IP mode file for RealThread.X-CUBE-RT-Thread_Nano.4.1.1
2025-04-09 12:17:22,734 [WARN] PackLoader:240 - Cannot read IP mode file for STMicroelectronics.FP-ATR-SIGFOX1.3.2.0
2025-04-09 12:17:22,808 [WARN] ConditionMgr:438 - getConditionDescription Invalid condition id : Cortex-A Device cause : null
2025-04-09 12:17:23,000 [WARN] ConditionMgr:1044 - genDependencies : Invalid condition id : Cortex-A Device cause : null
2025-04-09 12:17:23,005 [WARN] ConditionMgr:1044 - genDependencies : Invalid condition id : Cortex-A Device cause : null
2025-04-09 12:17:23,023 [WARN] ConditionMgr:1044 - genDependencies : Invalid condition id : Cortex-A Device cause : null
2025-04-09 12:17:23,099 [WARN] PackLoader:240 - Cannot read IP mode file for STMicroelectronics.X-CUBE-EEPRMA1.5.1.0
2025-04-09 12:17:23,183 [WARN] PackLoader:240 - Cannot read IP mode file for wolfSSL.I-CUBE-wolfSSL.5.7.6
2025-04-09 12:17:23,232 [INFO] WebApp:463 - Apply proxy settings
2025-04-09 12:17:23,243 [INFO] WebApp:508 - Chromium authenticates against Manually configured proxy
2025-04-09 12:17:23,276 [WARN] PackLoader:240 - Cannot read IP mode file for ITTIA_DB.I-CUBE-ITTIADB.8.9.0
2025-04-09 12:17:23,304 [INFO] WebApp:516 - Username used for proxy authentication: 
2025-04-09 12:17:23,374 [INFO] WebApp:894 - Register for checkConnection events
2025-04-09 12:17:23,377 [INFO] WebApp:463 - Apply proxy settings
2025-04-09 12:17:23,400 [INFO] WebApp:508 - Chromium authenticates against Manually configured proxy
2025-04-09 12:17:23,416 [INFO] WebApp:516 - Username used for proxy authentication: 
2025-04-09 12:17:23,461 [WARN] PackLoader:240 - Cannot read IP mode file for SEGGER.I-CUBE-embOS.1.3.1
2025-04-09 12:17:24,246 [WARN] PackLoader:240 - Cannot read IP mode file for STMicroelectronics.X-CUBE-ALGOBUILD.1.4.0
2025-04-09 12:17:24,432 [WARN] PackLoader:240 - Cannot read IP mode file for STMicroelectronics.X-CUBE-AZRTOS-F4.1.1.0
2025-04-09 12:17:24,495 [WARN] PackLoader:240 - Cannot read IP mode file for STMicroelectronics.X-CUBE-ISPU.2.1.0
2025-04-09 12:17:24,495 [INFO] WebApp:225 - Starting web application
2025-04-09 12:17:24,517 [INFO] WebApp:593 - Web application path used /Applications/STM32CubeIDE.app/Contents/Eclipse/plugins/com.st.stm32cube.common.mx_6.14.0.202502271554/db/plugins/mcufinder/reactClient1/index.html
2025-04-09 12:17:24,579 [WARN] PackLoader:240 - Cannot read IP mode file for STMicroelectronics.X-CUBE-AZRTOS-L5.2.0.0
2025-04-09 12:17:24,623 [WARN] PackLoader:240 - Cannot read IP mode file for STMicroelectronics.X-CUBE-NFC6.3.1.0
2025-04-09 12:17:24,657 [WARN] PackLoader:240 - Cannot read IP mode file for STMicroelectronics.X-CUBE-DPower.1.2.0
2025-04-09 12:17:24,685 [WARN] PackLoader:240 - Cannot read IP mode file for STMicroelectronics.X-CUBE-FREERTOS.1.3.0
2025-04-09 12:17:24,703 [WARN] PackLoader:240 - Cannot read IP mode file for STMicroelectronics.X-CUBE-NFC7.1.0.1
2025-04-09 12:17:24,733 [WARN] PackLoader:240 - Cannot read IP mode file for STMicroelectronics.X-CUBE-DPower.1.3.0
2025-04-09 12:17:24,767 [INFO] WebApp:191 - Connection restablished
2025-04-09 12:17:24,821 [WARN] ConditionMgr:438 - getConditionDescription Invalid condition id : LAN8742 Phy interface Condition cause : null
2025-04-09 12:17:24,826 [WARN] PackLoader:240 - Cannot read IP mode file for STMicroelectronics.X-CUBE-AZRTOS-L4.2.0.0
2025-04-09 12:17:24,838 [WARN] ConditionMgr:1044 - genDependencies : Invalid condition id : LAN8742 Phy interface Condition cause : null
2025-04-09 12:17:24,842 [WARN] ConditionMgr:1044 - genDependencies : Invalid condition id : LAN8742 Phy interface Condition cause : null
2025-04-09 12:17:24,846 [WARN] ConditionMgr:1044 - genDependencies : Invalid condition id : LAN8742 Phy interface Condition cause : null
2025-04-09 12:17:24,909 [WARN] PackLoader:240 - Cannot read IP mode file for STMicroelectronics.X-CUBE-SFXS2LP1.4.0.0
2025-04-09 12:17:25,019 [WARN] PackLoader:240 - Cannot read IP mode file for STMicroelectronics.X-CUBE-AZRTOS-H7.3.3.0
2025-04-09 12:17:25,076 [WARN] ConditionMgr:438 - getConditionDescription Invalid condition id : UX DEVICE CLASS RTOS Condition cause : null
2025-04-09 12:17:25,077 [WARN] ConditionMgr:438 - getConditionDescription Invalid condition id : UX DEVICE CLASS RTOS Condition cause : null
2025-04-09 12:17:25,092 [WARN] PackLoader:240 - Cannot read IP mode file for STMicroelectronics.X-CUBE-AZRTOS-WB.2.0.0
2025-04-09 12:17:25,096 [WARN] ConditionMgr:1044 - genDependencies : Invalid condition id : UX DEVICE CLASS RTOS Condition cause : null
2025-04-09 12:17:25,097 [WARN] ConditionMgr:1044 - genDependencies : Invalid condition id : UX DEVICE CLASS RTOS Condition cause : null
2025-04-09 12:17:25,098 [WARN] ConditionMgr:1044 - genDependencies : Invalid condition id : UX DEVICE CLASS RTOS Condition cause : null
2025-04-09 12:17:25,100 [WARN] ConditionMgr:1044 - genDependencies : Invalid condition id : UX DEVICE CLASS RTOS Condition cause : null
2025-04-09 12:17:25,100 [WARN] ConditionMgr:1044 - genDependencies : Invalid condition id : UX DEVICE CLASS RTOS Condition cause : null
2025-04-09 12:17:25,142 [WARN] PackLoader:240 - Cannot read IP mode file for STMicroelectronics.X-CUBE-GNSS1.7.0.1
2025-04-09 12:17:25,198 [WARN] PackLoader:240 - Cannot read IP mode file for STMicroelectronics.X-CUBE-TOUCHGFX.4.25.0
2025-04-09 12:17:25,224 [WARN] PackLoader:240 - Cannot read IP mode file for STMicroelectronics.FP-SNS-STBOX1.2.0.0
2025-04-09 12:17:25,256 [WARN] PackLoader:240 - Cannot read IP mode file for STMicroelectronics.X-CUBE-SUBG2.5.0.0
2025-04-09 12:17:25,328 [WARN] PackLoader:240 - Cannot read IP mode file for STMicroelectronics.X-CUBE-AZRTOS-H7RS.1.1.0
2025-04-09 12:17:25,344 [WARN] PackLoader:240 - Cannot read IP mode file for Cesanta.I-CUBE-Mongoose.7.13.0
2025-04-09 12:17:25,390 [WARN] PackLoader:240 - Cannot read IP mode file for STMicroelectronics.X-CUBE-AZRTOS-G4.2.0.0
2025-04-09 12:17:25,409 [WARN] PackLoader:240 - Cannot read IP mode file for wolfSSL.I-CUBE-wolfSSH.1.4.20
2025-04-09 12:17:25,433 [WARN] PackLoader:240 - Cannot read IP mode file for STMicroelectronics.X-CUBE-IPS.3.1.0
2025-04-09 12:17:25,458 [WARN] PackLoader:240 - Cannot read IP mode file for STMicroelectronics.X-CUBE-ALS.1.0.2
2025-04-09 12:17:25,474 [WARN] PackLoader:240 - Cannot read IP mode file for STMicroelectronics.X-CUBE-TOUCHGFX.4.24.2
2025-04-09 12:17:25,485 [WARN] PackLoader:240 - Cannot read IP mode file for portGmbH.I-Cube-SoM-uGOAL.1.1.0
2025-04-09 12:17:25,548 [WARN] PackLoader:240 - Cannot read IP mode file for STMicroelectronics.X-CUBE-AZRTOS-H7RS.1.0.0
2025-04-09 12:17:25,581 [WARN] PackLoader:240 - Cannot read IP mode file for STMicroelectronics.X-CUBE-TOF1.3.4.2
2025-04-09 12:17:25,608 [INFO] ThirdParty:978 - Integrity check success = true
2025-04-09 12:17:25,609 [INFO] IntegrityCheckThread:100 - exiting critical section [integrity check]
2025-04-09 12:17:25,609 [INFO] IntegrityCheckThread:103 - End integrity checks thread
